<?xml version="1.0" encoding="UTF-8"?>
<!-- Generated by org.testng.reporters.JUnitXMLReporter -->
<testsuite ignored="0" hostname="INCHNQP0068" failures="0" tests="4" name="Default test" time="28.344" errors="0" timestamp="20 Jun 2019 13:51:51 GMT">
  <testcase classname="com.open.functional.TestNgTest" name="testEndPoint" time="2.277"/>
  <testcase classname="com.open.functional.TestNgTest" name="testAddMovies" time="2.476"/>
  <testcase classname="com.open.functional.TestNgTest" name="testGetMovies" time="0.086"/>
  <testcase classname="com.open.functional.TestNgTest" name="testMoviesById" time="0.144"/>
</testsuite> <!-- Default test -->
