<?xml version="1.0" encoding="UTF-8"?>
<!-- Generated by org.testng.reporters.JUnitXMLReporter -->
<testsuite ignored="0" hostname="INCHNQP0068" failures="0" tests="4" name="Default test" time="19.18" errors="0" timestamp="21 Jun 2019 10:24:56 GMT">
  <testcase classname="com.open.functional.MoviesTest" name="testEndPoint" time="1.406"/>
  <testcase classname="com.open.functional.MoviesTest" name="testAddMovies" time="1.431"/>
  <testcase classname="com.open.functional.MoviesTest" name="testGetMovies" time="0.045"/>
  <testcase classname="com.open.functional.MoviesTest" name="testMoviesById" time="0.16"/>
</testsuite> <!-- Default test -->
