<?xml version="1.0" encoding="UTF-8"?>
<testng-results ignored="0" total="4" passed="4" failed="0" skipped="0">
  <reporter-output>
  </reporter-output>
  <suite started-at="2019-06-20T13:51:22Z" name="Default suite" finished-at="2019-06-20T13:51:51Z" duration-ms="28344">
    <groups>
    </groups>
    <test started-at="2019-06-20T13:51:22Z" name="Default test" finished-at="2019-06-20T13:51:51Z" duration-ms="28344">
      <class name="com.open.functional.TestNgTest">
        <test-method is-config="true" signature="beforeSuite()[pri:0, instance:com.open.functional.TestNgTest@2fc6f97f]" started-at="2019-06-20T19:21:22Z" name="beforeSuite" finished-at="2019-06-20T19:21:22Z" duration-ms="19" status="PASS">
          <reporter-output>
          </reporter-output>
        </test-method> <!-- beforeSuite -->
        <test-method is-config="true" signature="springTestContextBeforeTestClass()[pri:0, instance:com.open.functional.TestNgTest@2fc6f97f]" started-at="2019-06-20T19:21:22Z" name="springTestContextBeforeTestClass" finished-at="2019-06-20T19:21:22Z" duration-ms="2" status="PASS">
          <reporter-output>
          </reporter-output>
        </test-method> <!-- springTestContextBeforeTestClass -->
        <test-method is-config="true" signature="springTestContextPrepareTestInstance()[pri:0, instance:com.open.functional.TestNgTest@2fc6f97f]" started-at="2019-06-20T19:21:22Z" name="springTestContextPrepareTestInstance" finished-at="2019-06-20T19:21:45Z" depends-on-methods="org.springframework.test.context.testng.AbstractTestNGSpringContextTests.springTestContextBeforeTestClass" duration-ms="22489" status="PASS">
          <reporter-output>
          </reporter-output>
        </test-method> <!-- springTestContextPrepareTestInstance -->
        <test-method is-config="true" signature="springTestContextBeforeTestMethod(java.lang.reflect.Method)[pri:0, instance:com.open.functional.TestNgTest@2fc6f97f]" started-at="2019-06-20T19:21:45Z" name="springTestContextBeforeTestMethod" finished-at="2019-06-20T19:21:45Z" duration-ms="4" status="PASS">
          <params>
            <param index="0">
              <value>
                <![CDATA[public void com.open.functional.TestNgTest.testEndPoint() throws java.io.IOException]]>
              </value>
            </param>
          </params>
          <reporter-output>
          </reporter-output>
        </test-method> <!-- springTestContextBeforeTestMethod -->
        <test-method is-config="true" signature="beforeMethod()[pri:0, instance:com.open.functional.TestNgTest@2fc6f97f]" started-at="2019-06-20T19:21:45Z" name="beforeMethod" finished-at="2019-06-20T19:21:46Z" duration-ms="785" status="PASS">
          <reporter-output>
          </reporter-output>
        </test-method> <!-- beforeMethod -->
        <test-method signature="testEndPoint()[pri:1, instance:com.open.functional.TestNgTest@2fc6f97f]" started-at="2019-06-20T19:21:46Z" name="testEndPoint" finished-at="2019-06-20T19:21:48Z" duration-ms="2277" status="PASS">
          <reporter-output>
          </reporter-output>
        </test-method> <!-- testEndPoint -->
        <test-method is-config="true" signature="springTestContextAfterTestMethod(java.lang.reflect.Method)[pri:0, instance:com.open.functional.TestNgTest@2fc6f97f]" started-at="2019-06-20T19:21:48Z" name="springTestContextAfterTestMethod" finished-at="2019-06-20T19:21:48Z" duration-ms="0" status="PASS">
          <params>
            <param index="0">
              <value>
                <![CDATA[public void com.open.functional.TestNgTest.testEndPoint() throws java.io.IOException]]>
              </value>
            </param>
          </params>
          <reporter-output>
          </reporter-output>
        </test-method> <!-- springTestContextAfterTestMethod -->
        <test-method is-config="true" signature="springTestContextBeforeTestMethod(java.lang.reflect.Method)[pri:0, instance:com.open.functional.TestNgTest@2fc6f97f]" started-at="2019-06-20T19:21:48Z" name="springTestContextBeforeTestMethod" finished-at="2019-06-20T19:21:48Z" duration-ms="1" status="PASS">
          <params>
            <param index="0">
              <value>
                <![CDATA[public void com.open.functional.TestNgTest.testAddMovies() throws java.io.IOException]]>
              </value>
            </param>
          </params>
          <reporter-output>
          </reporter-output>
        </test-method> <!-- springTestContextBeforeTestMethod -->
        <test-method is-config="true" signature="beforeMethod()[pri:0, instance:com.open.functional.TestNgTest@2fc6f97f]" started-at="2019-06-20T19:21:48Z" name="beforeMethod" finished-at="2019-06-20T19:21:48Z" duration-ms="1" status="PASS">
          <reporter-output>
          </reporter-output>
        </test-method> <!-- beforeMethod -->
        <test-method signature="testAddMovies()[pri:2, instance:com.open.functional.TestNgTest@2fc6f97f]" started-at="2019-06-20T19:21:48Z" name="testAddMovies" finished-at="2019-06-20T19:21:50Z" duration-ms="2476" status="PASS">
          <reporter-output>
          </reporter-output>
        </test-method> <!-- testAddMovies -->
        <test-method is-config="true" signature="springTestContextAfterTestMethod(java.lang.reflect.Method)[pri:0, instance:com.open.functional.TestNgTest@2fc6f97f]" started-at="2019-06-20T19:21:50Z" name="springTestContextAfterTestMethod" finished-at="2019-06-20T19:21:50Z" duration-ms="0" status="PASS">
          <params>
            <param index="0">
              <value>
                <![CDATA[public void com.open.functional.TestNgTest.testAddMovies() throws java.io.IOException]]>
              </value>
            </param>
          </params>
          <reporter-output>
          </reporter-output>
        </test-method> <!-- springTestContextAfterTestMethod -->
        <test-method is-config="true" signature="beforeMethod()[pri:0, instance:com.open.functional.TestNgTest@2fc6f97f]" started-at="2019-06-20T19:21:50Z" name="beforeMethod" finished-at="2019-06-20T19:21:50Z" duration-ms="2" status="PASS">
          <reporter-output>
          </reporter-output>
        </test-method> <!-- beforeMethod -->
        <test-method is-config="true" signature="springTestContextBeforeTestMethod(java.lang.reflect.Method)[pri:0, instance:com.open.functional.TestNgTest@2fc6f97f]" started-at="2019-06-20T19:21:50Z" name="springTestContextBeforeTestMethod" finished-at="2019-06-20T19:21:50Z" duration-ms="0" status="PASS">
          <params>
            <param index="0">
              <value>
                <![CDATA[public void com.open.functional.TestNgTest.testGetMovies() throws java.io.IOException]]>
              </value>
            </param>
          </params>
          <reporter-output>
          </reporter-output>
        </test-method> <!-- springTestContextBeforeTestMethod -->
        <test-method signature="testGetMovies()[pri:3, instance:com.open.functional.TestNgTest@2fc6f97f]" started-at="2019-06-20T19:21:50Z" name="testGetMovies" finished-at="2019-06-20T19:21:51Z" duration-ms="86" status="PASS">
          <reporter-output>
          </reporter-output>
        </test-method> <!-- testGetMovies -->
        <test-method is-config="true" signature="springTestContextAfterTestMethod(java.lang.reflect.Method)[pri:0, instance:com.open.functional.TestNgTest@2fc6f97f]" started-at="2019-06-20T19:21:51Z" name="springTestContextAfterTestMethod" finished-at="2019-06-20T19:21:51Z" duration-ms="0" status="PASS">
          <params>
            <param index="0">
              <value>
                <![CDATA[public void com.open.functional.TestNgTest.testGetMovies() throws java.io.IOException]]>
              </value>
            </param>
          </params>
          <reporter-output>
          </reporter-output>
        </test-method> <!-- springTestContextAfterTestMethod -->
        <test-method signature="testMoviesById()[pri:4, instance:com.open.functional.TestNgTest@2fc6f97f]" started-at="2019-06-20T19:21:51Z" name="testMoviesById" finished-at="2019-06-20T19:21:51Z" duration-ms="144" status="PASS">
          <reporter-output>
          </reporter-output>
        </test-method> <!-- testMoviesById -->
        <test-method is-config="true" signature="beforeMethod()[pri:0, instance:com.open.functional.TestNgTest@2fc6f97f]" started-at="2019-06-20T19:21:51Z" name="beforeMethod" finished-at="2019-06-20T19:21:51Z" duration-ms="0" status="PASS">
          <reporter-output>
          </reporter-output>
        </test-method> <!-- beforeMethod -->
        <test-method is-config="true" signature="springTestContextBeforeTestMethod(java.lang.reflect.Method)[pri:0, instance:com.open.functional.TestNgTest@2fc6f97f]" started-at="2019-06-20T19:21:51Z" name="springTestContextBeforeTestMethod" finished-at="2019-06-20T19:21:51Z" duration-ms="0" status="PASS">
          <params>
            <param index="0">
              <value>
                <![CDATA[public void com.open.functional.TestNgTest.testMoviesById()]]>
              </value>
            </param>
          </params>
          <reporter-output>
          </reporter-output>
        </test-method> <!-- springTestContextBeforeTestMethod -->
        <test-method is-config="true" signature="springTestContextAfterTestClass()[pri:0, instance:com.open.functional.TestNgTest@2fc6f97f]" started-at="2019-06-20T19:21:51Z" name="springTestContextAfterTestClass" finished-at="2019-06-20T19:21:51Z" duration-ms="0" status="PASS">
          <reporter-output>
          </reporter-output>
        </test-method> <!-- springTestContextAfterTestClass -->
        <test-method is-config="true" signature="springTestContextAfterTestMethod(java.lang.reflect.Method)[pri:0, instance:com.open.functional.TestNgTest@2fc6f97f]" started-at="2019-06-20T19:21:51Z" name="springTestContextAfterTestMethod" finished-at="2019-06-20T19:21:51Z" duration-ms="0" status="PASS">
          <params>
            <param index="0">
              <value>
                <![CDATA[public void com.open.functional.TestNgTest.testMoviesById()]]>
              </value>
            </param>
          </params>
          <reporter-output>
          </reporter-output>
        </test-method> <!-- springTestContextAfterTestMethod -->
      </class> <!-- com.open.functional.TestNgTest -->
    </test> <!-- Default test -->
  </suite> <!-- Default suite -->
</testng-results>
